# JRE version: Java(TM) SE Runtime Environment (8.0_25-b17) (build 1.8.0_25-b17)
# Java VM: Java HotSpot(TM) 64-Bit Server VM (25.25-b02 mixed mode bsd-amd64 compressed oops)
Heap:
 PSYoungGen      total 403968K, used 10479K [0x0000000795580000, 0x00000007b1180000, 0x00000007c0000000)
  eden space 398336K, 1% used [0x0000000795580000,0x0000000795a901d0,0x00000007ada80000)
  from space 5632K, 94% used [0x00000007af200000,0x00000007af72bbe0,0x00000007af780000)
  to   space 19968K, 0% used [0x00000007afe00000,0x00000007afe00000,0x00000007b1180000)
 ParOldGen       total 146432K, used 32977K [0x0000000740000000, 0x0000000748f00000, 0x0000000795580000)
  object space 146432K, 22% used [0x0000000740000000,0x00000007420346e8,0x0000000748f00000)
 Metaspace       used 69517K, capacity 70472K, committed 70696K, reserved 1110016K
  class space    used 9048K, capacity 9254K, committed 9264K, reserved 1048576K
GC Heap History (10 events):
Event: 2148.389 GC heap before
{Heap before GC invocations=21 (full 4):
 PSYoungGen      total 462336K, used 13008K [0x0000000795580000, 0x00000007b3500000, 0x00000007c0000000)
  eden space 449024K, 0% used [0x0000000795580000,0x0000000795580000,0x00000007b0c00000)
  from space 13312K, 97% used [0x00000007b1300000,0x00000007b1fb4070,0x00000007b2000000)
  to   space 20992K, 0% used [0x00000007b2080000,0x00000007b2080000,0x00000007b3500000)
 ParOldGen       total 146432K, used 33663K [0x0000000740000000, 0x0000000748f00000, 0x0000000795580000)
  object space 146432K, 22% used [0x0000000740000000,0x00000007420dfdf8,0x0000000748f00000)
 Metaspace       used 68252K, capacity 69000K, committed 69288K, reserved 1110016K
  class space    used 8938K, capacity 9094K, committed 9136K, reserved 1048576K
Event: 2152.259 GC heap after
Heap after GC invocations=21 (full 4):
 PSYoungGen      total 462336K, used 0K [0x0000000795580000, 0x00000007b3500000, 0x00000007c0000000)
  eden space 449024K, 0% used [0x0000000795580000,0x0000000795580000,0x00000007b0c00000)
  from space 13312K, 0% used [0x00000007b1300000,0x00000007b1300000,0x00000007b2000000)
  to   space 20992K, 0% used [0x00000007b2080000,0x00000007b2080000,0x00000007b3500000)
 ParOldGen       total 146432K, used 32945K [0x0000000740000000, 0x0000000748f00000, 0x0000000795580000)
  object space 146432K, 22% used [0x0000000740000000,0x000000074202c6e8,0x0000000748f00000)
 Metaspace       used 67986K, capacity 68586K, committed 69288K, reserved 1110016K
  class space    used 8900K, capacity 9025K, committed 9136K, reserved 1048576K
}
Event: 2183.334 GC heap before
{Heap before GC invocations=22 (full 4):
 PSYoungGen      total 462336K, used 449024K [0x0000000795580000, 0x00000007b3500000, 0x00000007c0000000)
  eden space 449024K, 100% used [0x0000000795580000,0x00000007b0c00000,0x00000007b0c00000)
  from space 13312K, 0% used [0x00000007b1300000,0x00000007b1300000,0x00000007b2000000)
  to   space 20992K, 0% used [0x00000007b2080000,0x00000007b2080000,0x00000007b3500000)
 ParOldGen       total 146432K, used 32945K [0x0000000740000000, 0x0000000748f00000, 0x0000000795580000)
  object space 146432K, 22% used [0x0000000740000000,0x000000074202c6e8,0x0000000748f00000)
 Metaspace       used 68376K, capacity 69120K, committed 69544K, reserved 1110016K
  class space    used 8927K, capacity 9092K, committed 9136K, reserved 1048576K
Event: 2183.509 GC heap after
Heap after GC invocations=22 (full 4):
 PSYoungGen      total 470528K, used 9649K [0x0000000795580000, 0x00000007b6580000, 0x00000007c0000000)
  eden space 449536K, 0% used [0x0000000795580000,0x0000000795580000,0x00000007b0c80000)
  from space 20992K, 45% used [0x00000007b2080000,0x00000007b29ec5b0,0x00000007b3500000)
  to   space 20480K, 0% used [0x00000007b0c80000,0x00000007b0c80000,0x00000007b2080000)
 ParOldGen       total 146432K, used 32953K [0x0000000740000000, 0x0000000748f00000, 0x0000000795580000)
  object space 146432K, 22% used [0x0000000740000000,0x000000074202e6e8,0x0000000748f00000)
 Metaspace       used 68376K, capacity 69120K, committed 69544K, reserved 1110016K
  class space    used 8927K, capacity 9092K, committed 9136K, reserved 1048576K
}
Event: 3068.867 GC heap before
{Heap before GC invocations=23 (full 4):
 PSYoungGen      total 470528K, used 459185K [0x0000000795580000, 0x00000007b6580000, 0x00000007c0000000)
  eden space 449536K, 100% used [0x0000000795580000,0x00000007b0c80000,0x00000007b0c80000)
  from space 20992K, 45% used [0x00000007b2080000,0x00000007b29ec5b0,0x00000007b3500000)
  to   space 20480K, 0% used [0x00000007b0c80000,0x00000007b0c80000,0x00000007b2080000)
 ParOldGen       total 146432K, used 32953K [0x0000000740000000, 0x0000000748f00000, 0x0000000795580000)
  object space 146432K, 22% used [0x0000000740000000,0x000000074202e6e8,0x0000000748f00000)
 Metaspace       used 68930K, capacity 69622K, committed 69928K, reserved 1110016K
  class space    used 8999K, capacity 9166K, committed 9264K, reserved 1048576K
Event: 3069.718 GC heap after
Heap after GC invocations=23 (full 4):
 PSYoungGen      total 436224K, used 4137K [0x0000000795580000, 0x00000007b2300000, 0x00000007c0000000)
  eden space 431616K, 0% used [0x0000000795580000,0x0000000795580000,0x00000007afb00000)
  from space 4608K, 89% used [0x00000007b0c80000,0x00000007b108a6b8,0x00000007b1100000)
  to   space 18432K, 0% used [0x00000007b1100000,0x00000007b1100000,0x00000007b2300000)
 ParOldGen       total 146432K, used 32961K [0x0000000740000000, 0x0000000748f00000, 0x0000000795580000)
  object space 146432K, 22% used [0x0000000740000000,0x00000007420306e8,0x0000000748f00000)
 Metaspace       used 68930K, capacity 69622K, committed 69928K, reserved 1110016K
  class space    used 8999K, capacity 9166K, committed 9264K, reserved 1048576K
}
Event: 3494.871 GC heap before
{Heap before GC invocations=24 (full 4):
 PSYoungGen      total 436224K, used 435753K [0x0000000795580000, 0x00000007b2300000, 0x00000007c0000000)
  eden space 431616K, 100% used [0x0000000795580000,0x00000007afb00000,0x00000007afb00000)
  from space 4608K, 89% used [0x00000007b0c80000,0x00000007b108a6b8,0x00000007b1100000)
  to   space 18432K, 0% used [0x00000007b1100000,0x00000007b1100000,0x00000007b2300000)
 ParOldGen       total 146432K, used 32961K [0x0000000740000000, 0x0000000748f00000, 0x0000000795580000)
  object space 146432K, 22% used [0x0000000740000000,0x00000007420306e8,0x0000000748f00000)
 Metaspace       used 69048K, capacity 69810K, committed 70184K, reserved 1110016K
  class space    used 9011K, capacity 9180K, committed 9264K, reserved 1048576K
Event: 3495.081 GC heap after
Heap after GC invocations=24 (full 4):
 PSYoungGen      total 422912K, used 7684K [0x0000000795580000, 0x00000007b1900000, 0x00000007c0000000)
  eden space 414720K, 0% used [0x0000000795580000,0x0000000795580000,0x00000007aea80000)
  from space 8192K, 93% used [0x00000007b1100000,0x00000007b18813f0,0x00000007b1900000)
  to   space 19968K, 0% used [0x00000007af200000,0x00000007af200000,0x00000007b0580000)
 ParOldGen       total 146432K, used 32969K [0x0000000740000000, 0x0000000748f00000, 0x0000000795580000)
  object space 146432K, 22% used [0x0000000740000000,0x00000007420326e8,0x0000000748f00000)
 Metaspace       used 69048K, capacity 69810K, committed 70184K, reserved 1110016K
  class space    used 9011K, capacity 9180K, committed 9264K, reserved 1048576K
}
Event: 3686.780 GC heap before
{Heap before GC invocations=25 (full 4):
 PSYoungGen      total 422912K, used 422404K [0x0000000795580000, 0x00000007b1900000, 0x00000007c0000000)
  eden space 414720K, 100% used [0x0000000795580000,0x00000007aea80000,0x00000007aea80000)
  from space 8192K, 93% used [0x00000007b1100000,0x00000007b18813f0,0x00000007b1900000)
  to   space 19968K, 0% used [0x00000007af200000,0x00000007af200000,0x00000007b0580000)
 ParOldGen       total 146432K, used 32969K [0x0000000740000000, 0x0000000748f00000, 0x0000000795580000)
  object space 146432K, 22% used [0x0000000740000000,0x00000007420326e8,0x0000000748f00000)
 Metaspace       used 69517K, capacity 70472K, committed 70696K, reserved 1110016K
  class space    used 9048K, capacity 9254K, committed 9264K, reserved 1048576K
Event: 3687.744 GC heap after
Heap after GC invocations=25 (full 4):
 PSYoungGen      total 403968K, used 5294K [0x0000000795580000, 0x00000007b1180000, 0x00000007c0000000)
  eden space 398336K, 0% used [0x0000000795580000,0x0000000795580000,0x00000007ada80000)
  from space 5632K, 94% used [0x00000007af200000,0x00000007af72bbe0,0x00000007af780000)
  to   space 19968K, 0% used [0x00000007afe00000,0x00000007afe00000,0x00000007b1180000)
 ParOldGen       total 146432K, used 32977K [0x0000000740000000, 0x0000000748f00000, 0x0000000795580000)
  object space 146432K, 22% used [0x0000000740000000,0x00000007420346e8,0x0000000748f00000)
 Metaspace       used 69517K, capacity 70472K, committed 70696K, reserved 1110016K
  class space    used 9048K, capacity 9254K, committed 9264K, reserved 1048576K
}

